[    0.000000] Initializing cgroup subsys cpuset
[    0.000000] Initializing cgroup subsys cpu
[    0.000000] Initializing cgroup subsys cpuacct
[    0.000000] Linux version 4.4.0-210-generic (buildd@lgw01-amd64-009) (gcc version 5.4.0 20160609 (Ubuntu 5.4.0-6ubuntu1~16.04.12) ) #242-Ubuntu SMP Fri Apr 16 09:57:56 UTC 2021 (Ubuntu 4.4.0-210.242-generic 4.4.262)
[    0.000000] Command line: BOOT_IMAGE=/boot/vmlinuz-4.4.0-210-generic root=LABEL=cloudimg-rootfs ro console=tty1 console=ttyS0
[    0.000000] KERNEL supported cpus:
[    0.000000]   Intel GenuineIntel
[    0.000000]   AMD AuthenticAMD
[    0.000000]   Centaur CentaurHauls
[    0.000000] x86/fpu: xstate_offset[2]:  576, xstate_sizes[2]:  256
[    0.000000] x86/fpu: Supporting XSAVE feature 0x01: 'x87 floating point registers'
[    0.000000] x86/fpu: Supporting XSAVE feature 0x02: 'SSE registers'
[    0.000000] x86/fpu: Supporting XSAVE feature 0x04: 'AVX registers'
[    0.000000] x86/fpu: Enabled xstate features 0x7, context size is 832 bytes, using 'standard' format.
[    0.000000] e820: BIOS-provided physical RAM map:
[    0.000000] BIOS-e820: [mem 0x0000000000000000-0x000000000009fbff] usable
[    0.000000] BIOS-e820: [mem 0x000000000009fc00-0x000000000009ffff] reserved
[    0.000000] BIOS-e820: [mem 0x00000000000f0000-0x00000000000fffff] reserved
[    0.000000] BIOS-e820: [mem 0x0000000000100000-0x000000003ffeffff] usable
[    0.000000] BIOS-e820: [mem 0x000000003fff0000-0x000000003fffffff] ACPI data
[    0.000000] BIOS-e820: [mem 0x00000000fec00000-0x00000000fec00fff] reserved
[    0.000000] BIOS-e820: [mem 0x00000000fee00000-0x00000000fee00fff] reserved
[    0.000000] BIOS-e820: [mem 0x00000000fffc0000-0x00000000ffffffff] reserved
[    0.000000] NX (Execute Disable) protection: active
[    0.000000] SMBIOS 2.5 present.
[    0.000000] Hypervisor detected: KVM
[    0.000000] e820: last_pfn = 0x3fff0 max_arch_pfn = 0x400000000
[    0.000000] MTRR: Disabled
[    0.000000] x86/PAT: MTRRs disabled, skipping PAT initialization too.
[    0.000000] CPU MTRRs all blank - virtualized system.
[    0.000000] x86/PAT: Configuration [0-7]: WB  WT  UC- UC  WB  WT  UC- UC  
[    0.000000] found SMP MP-table at [mem 0x0009fff0-0x0009ffff] mapped at [ffff88000009fff0]
[    0.000000] Scanning 1 areas for low memory corruption
[    0.000000] RAMDISK: [mem 0x3613c000-0x37095fff]
[    0.000000] ACPI: Early table checksum verification disabled
[    0.000000] ACPI: RSDP 0x00000000000E0000 000024 (v02 VBOX  )
[    0.000000] ACPI: XSDT 0x000000003FFF0030 00003C (v01 VBOX   VBOXXSDT 00000001 ASL  00000061)
[    0.000000] ACPI: FACP 0x000000003FFF00F0 0000F4 (v04 VBOX   VBOXFACP 00000001 ASL  00000061)
[    0.000000] ACPI: DSDT 0x000000003FFF0470 002325 (v02 VBOX   VBOXBIOS 00000002 INTL 20100528)
[    0.000000] ACPI: FACS 0x000000003FFF0200 000040
[    0.000000] ACPI: FACS 0x000000003FFF0200 000040
[    0.000000] ACPI: APIC 0x000000003FFF0240 00005C (v02 VBOX   VBOXAPIC 00000001 ASL  00000061)
[    0.000000] ACPI: SSDT 0x000000003FFF02A0 0001CC (v01 VBOX   VBOXCPUT 00000002 INTL 20100528)
[    0.000000] No NUMA configuration found
[    0.000000] Faking a node at [mem 0x0000000000000000-0x000000003ffeffff]
[    0.000000] NODE_DATA(0) allocated [mem 0x3ffeb000-0x3ffeffff]
[    0.000000] kvm-clock: Using msrs 4b564d01 and 4b564d00
[    0.000000] kvm-clock: cpu 0, msr 0:3ffe3001, primary cpu clock
[    0.000000] kvm-clock: using sched offset of 3768585834 cycles
[    0.000000] clocksource: kvm-clock: mask: 0xffffffffffffffff max_cycles: 0x1cd42e4dffb, max_idle_ns: 881590591483 ns
[    0.000000] Zone ranges:
[    0.000000]   DMA      [mem 0x0000000000001000-0x0000000000ffffff]
[    0.000000]   DMA32    [mem 0x0000000001000000-0x000000003ffeffff]
[    0.000000]   Normal   empty
[    0.000000]   Device   empty
[    0.000000] Movable zone start for each node
[    0.000000] Early memory node ranges
[    0.000000]   node   0: [mem 0x0000000000001000-0x000000000009efff]
[    0.000000]   node   0: [mem 0x0000000000100000-0x000000003ffeffff]
[    0.000000] Initmem setup node 0 [mem 0x0000000000001000-0x000000003ffeffff]
[    0.000000] ACPI: PM-Timer IO Port: 0x4008
[    0.000000] IOAPIC[0]: apic_id 2, version 32, address 0xfec00000, GSI 0-23
[    0.000000] ACPI: INT_SRC_OVR (bus 0 bus_irq 0 global_irq 2 dfl dfl)
[    0.000000] ACPI: INT_SRC_OVR (bus 0 bus_irq 9 global_irq 9 low level)
[    0.000000] Using ACPI (MADT) for SMP configuration information
[    0.000000] smpboot: Allowing 2 CPUs, 0 hotplug CPUs
[    0.000000] PM: Registered nosave memory: [mem 0x00000000-0x00000fff]
[    0.000000] PM: Registered nosave memory: [mem 0x0009f000-0x0009ffff]
[    0.000000] PM: Registered nosave memory: [mem 0x000a0000-0x000effff]
[    0.000000] PM: Registered nosave memory: [mem 0x000f0000-0x000fffff]
[    0.000000] e820: [mem 0x40000000-0xfebfffff] available for PCI devices
[    0.000000] Booting paravirtualized kernel on KVM
[    0.000000] clocksource: refined-jiffies: mask: 0xffffffff max_cycles: 0xffffffff, max_idle_ns: 7645519600211568 ns
[    0.000000] setup_percpu: NR_CPUS:512 nr_cpumask_bits:512 nr_cpu_ids:2 nr_node_ids:1
[    0.000000] PERCPU: Embedded 33 pages/cpu @ffff88003fc00000 s95192 r8192 d31784 u1048576
[    0.000000] Built 1 zonelists in Node order, mobility grouping on.  Total pages: 257912
[    0.000000] Policy zone: DMA32
[    0.000000] Kernel command line: BOOT_IMAGE=/boot/vmlinuz-4.4.0-210-generic root=LABEL=cloudimg-rootfs ro console=tty1 console=ttyS0
[    0.000000] PID hash table entries: 4096 (order: 3, 32768 bytes)
[    0.000000] Memory: 996960K/1048120K available (8644K kernel code, 1332K rwdata, 4044K rodata, 1492K init, 1164K bss, 51160K reserved, 0K cma-reserved)
[    0.000000] SLUB: HWalign=64, Order=0-3, MinObjects=0, CPUs=2, Nodes=1
[    0.000000] Kernel/User page tables isolation: enabled
[    0.000000] Hierarchical RCU implementation.
[    0.000000] 	Build-time adjustment of leaf fanout to 64.
[    0.000000] 	RCU restricting CPUs from NR_CPUS=512 to nr_cpu_ids=2.
[    0.000000] RCU: Adjusting geometry for rcu_fanout_leaf=64, nr_cpu_ids=2
[    0.000000] NR_IRQS:33024 nr_irqs:440 16
[    0.000000] Console: colour VGA+ 80x25
[    0.000000] console [tty1] enabled
[    0.000000] console [ttyS0] enabled
[    0.000000] tsc: Detected 2591.988 MHz processor
[    0.150052] Calibrating delay loop (skipped) preset value.. 5183.97 BogoMIPS (lpj=10367952)
[    0.152187] pid_max: default: 32768 minimum: 301
[    0.153113] ACPI: Core revision 20150930
[    0.155295] ACPI: 2 ACPI AML tables successfully acquired and loaded
[    0.156707] Security Framework initialized
[    0.157883] Yama: becoming mindful.
[    0.158738] AppArmor: AppArmor initialized
[    0.159750] Dentry cache hash table entries: 131072 (order: 8, 1048576 bytes)
[    0.161616] Inode-cache hash table entries: 65536 (order: 7, 524288 bytes)
[    0.163509] Mount-cache hash table entries: 2048 (order: 2, 16384 bytes)
[    0.164866] Mountpoint-cache hash table entries: 2048 (order: 2, 16384 bytes)
[    0.166502] Initializing cgroup subsys io
[    0.167320] Initializing cgroup subsys memory
[    0.168122] Initializing cgroup subsys devices
[    0.168988] Initializing cgroup subsys freezer
[    0.169972] Initializing cgroup subsys net_cls
[    0.170928] Initializing cgroup subsys perf_event
[    0.172370] Initializing cgroup subsys net_prio
[    0.173413] Initializing cgroup subsys hugetlb
[    0.174607] Initializing cgroup subsys pids
[    0.176792] mce: CPU supports 0 MCE banks
[    0.177789] Last level iTLB entries: 4KB 64, 2MB 8, 4MB 8
[    0.179007] Last level dTLB entries: 4KB 64, 2MB 0, 4MB 0, 1GB 4
[    0.180275] Spectre V1 : Mitigation: usercopy/swapgs barriers and __user pointer sanitization
[    0.182208] Spectre V2 : Mitigation: Full generic retpoline
[    0.183425] Spectre V2 : Spectre v2 / SpectreRSB mitigation: Filling RSB on context switch
[    0.185402] Speculative Store Bypass: Vulnerable
[    0.186708] SRBDS: Unknown: Dependent on hypervisor status
[    0.187816] MDS: Mitigation: Clear CPU buffers
[    0.192070] Freeing SMP alternatives memory: 36K
[    0.199066] ftrace: allocating 32380 entries in 127 pages
[    0.266582] smpboot: APIC(0) Converting physical 0 to logical package 0
[    0.267933] smpboot: Max logical packages: 1
[    0.269199] x2apic enabled
[    0.270287] Switched APIC routing to physical x2apic.
[    0.273227] ..TIMER: vector=0x30 apic1=0 pin1=2 apic2=-1 pin2=-1
[    0.382877] smpboot: CPU0: Intel(R) Core(TM) i7-6500U CPU @ 2.50GHz (family: 0x6, model: 0x4e, stepping: 0x3)
[    0.385185] Performance Events: unsupported p6 CPU model 78 no PMU driver, software events only.
[    0.398728] KVM setup paravirtual spinlock
[    0.400288] x86: Booting SMP configuration:
[    0.401248] .... node  #0, CPUs:      #1
[    0.402192] kvm-clock: cpu 1, msr 0:3ffe3041, secondary cpu clock
[    0.404402] mce: CPU supports 0 MCE banks
[    0.407007] x86: Booted up 1 node, 2 CPUs
[    0.408169] smpboot: Total of 2 processors activated (10367.95 BogoMIPS)
[    0.409845] devtmpfs: initialized
[    0.412464] evm: security.selinux
[    0.413240] evm: security.SMACK64
[    0.414008] evm: security.SMACK64EXEC
[    0.414838] evm: security.SMACK64TRANSMUTE
[    0.415798] evm: security.SMACK64MMAP
[    0.416622] evm: security.ima
[    0.417332] evm: security.capability
[    0.418628] clocksource: jiffies: mask: 0xffffffff max_cycles: 0xffffffff, max_idle_ns: 7645041785100000 ns
[    0.420984] futex hash table entries: 512 (order: 3, 32768 bytes)
[    0.422601] pinctrl core: initialized pinctrl subsystem
[    0.423896] RTC time: 13:08:10, date: 06/19/22
[    0.425029] NET: Registered protocol family 16
[    0.434888] cpuidle: using governor ladder
[    0.446906] cpuidle: using governor menu
[    0.447822] PCCT header not found.
[    0.448684] ACPI: bus type PCI registered
[    0.449558] acpiphp: ACPI Hot Plug PCI Controller Driver version: 0.5
[    0.450952] PCI: Using configuration type 1 for base access
[    0.463872] ACPI: Added _OSI(Module Device)
[    0.464804] ACPI: Added _OSI(Processor Device)
[    0.465749] ACPI: Added _OSI(3.0 _SCP Extensions)
[    0.466718] ACPI: Added _OSI(Processor Aggregator Device)
[    0.468527] ACPI: Executed 1 blocks of module-level executable AML code
[    0.472157] ACPI: Interpreter enabled
[    0.473080] ACPI: (supports S0 S5)
[    0.473929] ACPI: Using IOAPIC for interrupt routing
[    0.475289] PCI: Using host bridge windows from ACPI; if necessary, use "pci=nocrs" and report a bug
[    0.482110] ACPI: PCI Root Bridge [PCI0] (domain 0000 [bus 00-ff])
[    0.483594] acpi PNP0A03:00: _OSC: OS supports [ASPM ClockPM Segments MSI]
[    0.485422] acpi PNP0A03:00: _OSC: not requesting OS control; OS requires [ExtendedConfig ASPM ClockPM MSI]
[    0.487438] acpi PNP0A03:00: fail to add MMCONFIG information, can't access extended PCI configuration space under this bridge.
[    0.489830] PCI host bridge to bus 0000:00
[    0.490827] pci_bus 0000:00: root bus resource [io  0x0000-0x0cf7 window]
[    0.492017] pci_bus 0000:00: root bus resource [io  0x0d00-0xffff window]
[    0.493171] pci_bus 0000:00: root bus resource [mem 0x000a0000-0x000bffff window]
[    0.496331] pci_bus 0000:00: root bus resource [mem 0x40000000-0xfdffffff window]
[    0.499354] pci_bus 0000:00: root bus resource [bus 00-ff]
[    0.501900] pci 0000:00:01.1: legacy IDE quirk: reg 0x10: [io  0x01f0-0x01f7]
[    0.503108] pci 0000:00:01.1: legacy IDE quirk: reg 0x14: [io  0x03f6]
[    0.504199] pci 0000:00:01.1: legacy IDE quirk: reg 0x18: [io  0x0170-0x0177]
[    0.514556] pci 0000:00:01.1: legacy IDE quirk: reg 0x1c: [io  0x0376]
[    0.536946] pci 0000:00:07.0: quirk: [io  0x4000-0x403f] claimed by PIIX4 ACPI
[    0.538747] pci 0000:00:07.0: quirk: [io  0x4100-0x410f] claimed by PIIX4 SMB
[    0.549270] ACPI: PCI Interrupt Link [LNKA] (IRQs 5 9 10 *11)
[    0.551241] ACPI: PCI Interrupt Link [LNKB] (IRQs 5 9 *10 11)
[    0.552879] ACPI: PCI Interrupt Link [LNKC] (IRQs 5 *9 10 11)
[    0.554400] ACPI: PCI Interrupt Link [LNKD] (IRQs 5 9 10 *11)
[    0.556043] ACPI: Enabled 2 GPEs in block 00 to 07
[    0.557844] vgaarb: setting as boot device: PCI:0000:00:02.0
[    0.559040] vgaarb: device added: PCI:0000:00:02.0,decodes=io+mem,owns=io+mem,locks=none
[    0.560559] vgaarb: loaded
[    0.561141] vgaarb: bridge control possible 0000:00:02.0
[    0.562338] SCSI subsystem initialized
[    0.563259] ACPI: bus type USB registered
[    0.564064] usbcore: registered new interface driver usbfs
[    0.565064] usbcore: registered new interface driver hub
[    0.566120] usbcore: registered new device driver usb
[    0.567838] PCI: Using ACPI for IRQ routing
[    0.569027] NetLabel: Initializing
[    0.569704] NetLabel:  domain hash size = 128
[    0.570656] NetLabel:  protocols = UNLABELED CIPSOv4
[    0.571872] NetLabel:  unlabeled traffic allowed by default
[    0.573212] amd_nb: Cannot enumerate AMD northbridges
[    0.574378] clocksource: Switched to clocksource kvm-clock
[    0.583752] AppArmor: AppArmor Filesystem Enabled
[    0.584924] pnp: PnP ACPI init
[    0.586536] pnp: PnP ACPI: found 3 devices
[    0.597007] clocksource: acpi_pm: mask: 0xffffff max_cycles: 0xffffff, max_idle_ns: 2085701024 ns
[    0.599022] NET: Registered protocol family 2
[    0.600129] TCP established hash table entries: 8192 (order: 4, 65536 bytes)
[    0.601526] TCP bind hash table entries: 8192 (order: 5, 131072 bytes)
[    0.602689] TCP: Hash tables configured (established 8192 bind 8192)
[    0.603806] UDP hash table entries: 512 (order: 2, 16384 bytes)
[    0.605045] UDP-Lite hash table entries: 512 (order: 2, 16384 bytes)
[    0.606431] NET: Registered protocol family 1
[    0.607487] pci 0000:00:00.0: Limiting direct PCI/PCI transfers
[    0.608807] pci 0000:00:01.0: Activating ISA DMA hang workarounds
[    0.610345] Unpacking initramfs...
[    0.888351] Freeing initrd memory: 15720K
[    0.889788] clocksource: tsc: mask: 0xffffffffffffffff max_cycles: 0x255cab8d456, max_idle_ns: 440795244865 ns
[    0.894266] platform rtc_cmos: registered platform RTC device (no PNP device found)
[    0.896448] Scanning for low memory corruption every 60 seconds
[    0.898333] audit: initializing netlink subsys (disabled)
[    0.899397] audit: type=2000 audit(1655644096.152:1): initialized
[    0.900894] Initialise system trusted keyring
[    0.902009] HugeTLB registered 2 MB page size, pre-allocated 0 pages
[    0.904708] zbud: loaded
[    0.906228] VFS: Disk quotas dquot_6.6.0
[    0.907310] VFS: Dquot-cache hash table entries: 512 (order 0, 4096 bytes)
[    0.909521] squashfs: version 4.0 (2009/01/31) Phillip Lougher
[    0.911869] fuse init (API version 7.23)
[    0.913326] Key type big_key registered
[    0.914916] Allocating IMA MOK and blacklist keyrings.
[    0.916714] Key type asymmetric registered
[    0.917621] Asymmetric key parser 'x509' registered
[    0.918802] Block layer SCSI generic (bsg) driver version 0.4 loaded (major 249)
[    0.920799] io scheduler noop registered
[    0.921851] io scheduler deadline registered (default)
[    0.923163] io scheduler cfq registered
[    0.924337] pci_hotplug: PCI Hot Plug PCI Core version: 0.5
[    0.925594] pciehp: PCI Express Hot Plug Controller Driver version: 0.4
[    0.927270] ACPI: AC Adapter [AC] (on-line)
[    0.928272] input: Power Button as /devices/LNXSYSTM:00/LNXPWRBN:00/input/input0
[    0.930460] ACPI: Power Button [PWRF]
[    0.931291] input: Sleep Button as /devices/LNXSYSTM:00/LNXSLPBN:00/input/input1
[    0.932913] ACPI: Sleep Button [SLPF]
[    0.933980] GHES: HEST is not enabled!
[    0.935025] Serial: 8250/16550 driver, 32 ports, IRQ sharing enabled
[    0.935060] ACPI: Battery Slot [BAT0] (battery present)
[    0.958107] 00:02: ttyS0 at I/O 0x3f8 (irq = 4, base_baud = 115200) is a 16550A
[    0.960797] Linux agpgart interface v0.103
[    0.963770] loop: module loaded
[    0.965104] scsi host0: ata_piix
[    0.966004] scsi host1: ata_piix
[    0.966820] ata1: PATA max UDMA/33 cmd 0x1f0 ctl 0x3f6 bmdma 0xd000 irq 14
[    0.968165] ata2: PATA max UDMA/33 cmd 0x170 ctl 0x376 bmdma 0xd008 irq 15
[    0.969773] libphy: Fixed MDIO Bus: probed
[    0.970723] tun: Universal TUN/TAP device driver, 1.6
[    0.974762] tun: (C) 1999-2004 Max Krasnyansky <maxk@qualcomm.com>
[    0.976167] PPP generic driver version 2.4.2
[    0.977291] ehci_hcd: USB 2.0 'Enhanced' Host Controller (EHCI) Driver
[    0.978706] ehci-pci: EHCI PCI platform driver
[    0.979803] ehci-platform: EHCI generic platform driver
[    0.980970] ohci_hcd: USB 1.1 'Open' Host Controller (OHCI) Driver
[    0.982292] ohci-pci: OHCI PCI platform driver
[    0.983389] ohci-platform: OHCI generic platform driver
[    0.984543] uhci_hcd: USB Universal Host Controller Interface driver
[    0.985842] i8042: PNP: PS/2 Controller [PNP0303:PS2K,PNP0f03:PS2M] at 0x60,0x64 irq 1,12
[    0.988210] serio: i8042 KBD port at 0x60,0x64 irq 1
[    0.989504] serio: i8042 AUX port at 0x60,0x64 irq 12
[    0.992381] mousedev: PS/2 mouse device common for all mice
[    0.993813] rtc_cmos rtc_cmos: rtc core: registered rtc_cmos as rtc0
[    0.995356] input: AT Translated Set 2 keyboard as /devices/platform/i8042/serio0/input/input2
[    0.996988] rtc_cmos rtc_cmos: alarms up to one day, 114 bytes nvram
[    0.998143] i2c /dev entries driver
[    0.998956] device-mapper: uevent: version 1.0.3
[    0.999946] device-mapper: ioctl: 4.34.0-ioctl (2015-10-28) initialised: dm-devel@redhat.com
[    1.001459] ledtrig-cpu: registered to indicate activity on CPUs
[    1.002816] NET: Registered protocol family 10
[    1.003816] NET: Registered protocol family 17
[    1.004860] Key type dns_resolver registered
[    1.006123] registered taskstats version 1
[    1.007191] Loading compiled-in X.509 certificates
[    1.009237] Loaded X.509 cert 'Build time autogenerated kernel key: cf00e047681d67edb2720680708b7d9498083038'
[    1.011528] zswap: loaded using pool lzo/zbud
[    1.015082] Key type trusted registered
[    1.019944] Key type encrypted registered
[    1.020892] AppArmor: AppArmor sha1 policy hashing enabled
[    1.022059] ima: No TPM chip found, activating TPM-bypass!
[    1.023405] ima: Allocated hash algorithm: sha1
[    1.024237] evm: HMAC attrs: 0x1
[    1.025259]   Magic number: 10:869:129
[    1.026575] acpi device:04: hash matches
[    1.027761] rtc_cmos rtc_cmos: setting system clock to 2022-06-19 13:08:10 UTC (1655644090)
[    1.029800] BIOS EDD facility v0.16 2004-Jun-25, 0 devices found
[    1.030910] EDD information not available.
[    1.147428] Freeing unused kernel memory: 1492K
[    1.148539] Write protecting the kernel read-only data: 14336k
[    1.150305] Freeing unused kernel memory: 1584K
[    1.151500] Freeing unused kernel memory: 52K
Loading, please wait...
starting version 229
[    1.168478] random: systemd-udevd: uninitialized urandom read (16 bytes read, 3 bits of entropy available)
[    1.169531] random: udevadm: uninitialized urandom read (16 bytes read, 3 bits of entropy available)
[    1.169558] random: udevadm: uninitialized urandom read (16 bytes read, 3 bits of entropy available)
[    1.180547] random: udevadm: uninitialized urandom read (16 bytes read, 3 bits of entropy available)
[    1.180601] random: udevadm: uninitialized urandom read (16 bytes read, 3 bits of entropy available)
[    1.180779] random: udevadm: uninitialized urandom read (16 bytes read, 3 bits of entropy available)
[    1.180843] random: udevadm: uninitialized urandom read (16 bytes read, 3 bits of entropy available)
[    1.180907] random: udevadm: uninitialized urandom read (16 bytes read, 3 bits of entropy available)
[    1.180971] random: udevadm: uninitialized urandom read (16 bytes read, 3 bits of entropy available)
[    1.181031] random: udevadm: uninitialized urandom read (16 bytes read, 3 bits of entropy available)
[    1.251259] [drm] Initialized drm 1.1.0 20060810
[    1.258329] e1000: Intel(R) PRO/1000 Network Driver - version 7.3.21-k8-NAPI
[    1.260709] e1000: Copyright (c) 1999-2006 Intel Corporation.
[    1.262663] Fusion MPT base driver 3.04.20
[    1.267220] Copyright (c) 1999-2008 LSI Corporation
[    1.279278] Fusion MPT SPI Host driver 3.04.20
[    1.296746] vboxvideo: loading out-of-tree module taints kernel.
[    1.298458] vboxvideo: module verification failed: signature and/or required key missing - tainting kernel
[    1.306121] AVX2 version of gcm_enc/dec engaged.
[    1.307312] AES CTR mode by8 optimization enabled
[    1.313925] vboxvideo: loading version 6.1.34 r150636
[    1.481002] input: ImExPS/2 Generic Explorer Mouse as /devices/platform/i8042/serio1/input/input4
[    1.638495] e1000 0000:00:03.0 eth0: (PCI:33MHz:32-bit) 02:be:82:6b:cc:1d
[    1.640066] e1000 0000:00:03.0 eth0: Intel(R) PRO/1000 Network Connection
[    2.242703] e1000 0000:00:08.0 eth1: (PCI:33MHz:32-bit) 08:00:27:1b:71:f0
[    2.244238] e1000 0000:00:08.0 eth1: Intel(R) PRO/1000 Network Connection
[    2.247733] e1000 0000:00:03.0 enp0s3: renamed from eth0
[    2.249225] mptbase: ioc0: Initiating bringup
[    2.266953] e1000 0000:00:08.0 enp0s8: renamed from eth1
[    2.322670] ioc0: LSI53C1030 A0: Capabilities={Initiator}
[    2.488103] scsi host2: ioc0: LSI53C1030 A0, FwRev=00000000h, Ports=1, MaxQ=256, IRQ=20
[    2.598968] scsi 2:0:0:0: Direct-Access     VBOX     HARDDISK         1.0  PQ: 0 ANSI: 5
[    2.599362] [drm] VRAM 01000000
[    2.600321] [TTM] Zone  kernel: Available graphics memory: 507922 kiB
[    2.600321] [TTM] Initializing pool allocator
[    2.600325] [TTM] Initializing DMA pool allocator
[    2.616924] scsi target2:0:0: Beginning Domain Validation
[    2.616929] fbcon: vboxdrmfb (fb0) is primary device
[    2.618139] scsi target2:0:0: Domain Validation skipping write tests
[    2.618140] scsi target2:0:0: Ending Domain Validation
[    2.618208] scsi target2:0:0: asynchronous
[    2.622421] scsi 2:0:1:0: Direct-Access     VBOX     HARDDISK         1.0  PQ: 0 ANSI: 5
[    2.622427] scsi target2:0:1: Beginning Domain Validation
[    2.623094] scsi target2:0:1: Domain Validation skipping write tests
[    2.623095] scsi target2:0:1: Ending Domain Validation
[    2.623191] scsi target2:0:1: asynchronous
[    2.623443] Console: switching to colour frame buffer device 100x37
[    2.632858] vboxvideo 0000:00:02.0: fb0: vboxdrmfb frame buffer device
[    2.635260] sd 2:0:0:0: [sda] 83886080 512-byte logical blocks: (42.9 GB/40.0 GiB)
[    2.635567] sd 2:0:0:0: Attached scsi generic sg0 type 0
[    2.637388] sd 2:0:0:0: [sda] Write Protect is off
[    2.637923] sd 2:0:1:0: [sdb] 20480 512-byte logical blocks: (10.5 MB/10.0 MiB)
[    2.638020] sd 2:0:1:0: [sdb] Write Protect is off
[    2.638087] sd 2:0:1:0: [sdb] Incomplete mode parameter data
[    2.638089] sd 2:0:1:0: [sdb] Assuming drive cache: write through
[    2.642514] sd 2:0:1:0: Attached scsi generic sg1 type 0
[    2.647784] sd 2:0:0:0: [sda] Incomplete mode parameter data
[    2.648853] sd 2:0:0:0: [sda] Assuming drive cache: write through
[    2.654471] [drm] Initialized vboxvideo 1.0.0 20130823 for 0000:00:02.0 on minor 0
[    2.695983]  sda: sda1
[    2.697511] sd 2:0:0:0: [sda] Attached SCSI disk
[    2.700550] sd 2:0:1:0: [sdb] Attached SCSI disk
Begin: Loading essential drivers ... [    2.817449] md: linear personality registered for level -1
[    2.822012] md: multipath personality registered for level -4
[    2.826605] md: raid0 personality registered for level 0
[    2.831726] md: raid1 personality registered for level 1
[    2.902502] raid6: sse2x1   gen()  6885 MB/s
[    2.970466] raid6: sse2x1   xor()  5812 MB/s
[    3.039902] raid6: sse2x2   gen()  9656 MB/s
[    3.109350] raid6: sse2x2   xor()  7034 MB/s
[    3.178412] raid6: sse2x4   gen()  9293 MB/s
[    3.246529] raid6: sse2x4   xor()  7111 MB/s
[    3.314413] raid6: avx2x1   gen() 16313 MB/s
[    3.382424] raid6: avx2x2   gen() 21513 MB/s
[    3.450414] raid6: avx2x4   gen() 20080 MB/s
[    3.451814] raid6: using algorithm avx2x2 gen() 21513 MB/s
[    3.452935] raid6: using avx2x2 recovery algorithm
[    3.455297] xor: automatically using best checksumming function:
[    3.535200]    avx       : 83854.000 MB/sec
[    3.537368] async_tx: api initialized (async)
[    3.548517] md: raid6 personality registered for level 6
[    3.552273] md: raid5 personality registered for level 5
[    3.554527] md: raid4 personality registered for level 4
[    3.563045] md: raid10 personality registered for level 10
done.
Begin: Running /scripts/init-premount ... done.
Begin: Mounting root file system ... Begin: Running /scripts/local-top ... done.
Begin: Running /scripts/local-premount ... [    3.597957] Btrfs loaded
Scanning for Btrfs filesystems
done.
Begin: Will now check root file system ... fsck from util-linux 2.27.1
[/sbin/fsck.ext4 (1) -- /dev/sda1] fsck.ext4 -a -C0 /dev/sda1 
cloudimg-rootfs: clean, 65893/5120000 files, 646273/10485499 blocks
done.
[    3.694850] EXT4-fs (sda1): mounted filesystem with ordered data mode. Opts: (null)
done.
Begin: Running /scripts/local-bottom ... done.
Begin: Running /scripts/init-bottom ... done.
[    5.391161] systemd[1]: systemd 229 running in system mode. (+PAM +AUDIT +SELINUX +IMA +APPARMOR +SMACK +SYSVINIT +UTMP +LIBCRYPTSETUP +GCRYPT +GNUTLS +ACL +XZ -LZ4 +SECCOMP +BLKID +ELFUTILS +KMOD -IDN)
[    5.394215] systemd[1]: Detected virtualization oracle.
[    5.395291] systemd[1]: Detected architecture x86-64.

Welcome to [1mUbuntu 16.04.7 LTS[0m!

[    5.433164] systemd[1]: Set hostname to <web01>.
[    5.444714] random: nonblocking pool is initialized
[    6.398868] systemd[1]: Started Trigger resolvconf update for networkd DNS.
[[0;32m  OK  [0m] Started Trigger resolvconf update for networkd DNS.
[    6.401345] systemd[1]: Reached target User and Group Name Lookups.
[[0;32m  OK  [0m] Reached target User and Group Name Lookups.
[    6.403453] systemd[1]: Listening on LVM2 poll daemon socket.
[[0;32m  OK  [0m] Listening on LVM2 poll daemon socket.
[    6.405687] systemd[1]: Listening on udev Control Socket.
[[0;32m  OK  [0m] Listening on udev Control Socket.
[    6.408120] systemd[1]: Listening on Device-mapper event daemon FIFOs.
[[0;32m  OK  [0m] Listening on Device-mapper event daemon FIFOs.
[    6.411074] systemd[1]: Created slice System Slice.
[[0;32m  OK  [0m] Created slice System Slice.
[    6.413128] systemd[1]: Reached target Swap.
[[0;32m  OK  [0m] Reached target Swap.
[    6.415054] systemd[1]: Listening on udev Kernel Socket.
[[0;32m  OK  [0m] Listening on udev Kernel Socket.
[    6.417516] systemd[1]: Created slice system-serial\x2dgetty.slice.
[[0;32m  OK  [0m] Created slice system-serial\x2dgetty.slice.
[    6.420030] systemd[1]: Listening on /dev/initctl Compatibility Named Pipe.
[[0;32m  OK  [0m] Listening on /dev/initctl Compatibility Named Pipe.
[    6.422555] systemd[1]: Started Forward Password Requests to Wall Directory Watch.
[[0;32m  OK  [0m] Started Forward Password Requests to Wall Directory Watch.
[    6.431141] systemd[1]: Created slice User and Session Slice.
[[0;32m  OK  [0m] Created slice User and Session Slice.
[    6.432995] systemd[1]: Reached target Slices.
[[0;32m  OK  [0m] Reached target Slices.
[    6.434729] systemd[1]: Listening on Journal Socket (/dev/log).
[[0;32m  OK  [0m] Listening on Journal Socket (/dev/log).
[    6.436838] systemd[1]: Listening on Journal Socket.
[[0;32m  OK  [0m] Listening on Journal Socket.
[    6.454732] systemd[1]: Mounting Debug File System...
         Mounting Debug File System...
[    6.457860] systemd[1]: Mounting Huge Pages File System...
         Mounting Huge Pages File System...
[    6.477835] systemd[1]: Starting Load Kernel Modules...
         Starting Load Kernel Modules...
[    6.481382] systemd[1]: Starting Create list of required static device nodes for the current kernel...
         Starting Create list of required st... nodes for the current kernel...
[    6.486714] systemd[1]: Starting Set console keymap...
         Starting Set console keymap...
[    6.488677] systemd[1]: Listening on LVM2 metadata daemon socket.
[[0;32m  OK  [0m] Listening on LVM2 metadata daemon socket.
[    6.492348] systemd[1]: Reached target System Time Synchronized.
[[0;32m  OK  [0m] Reached target System Time Synchronized.
[    6.495493] systemd[1]: Starting Uncomplicated firewall...
         Starting Uncomplicated firewall...
[    6.498346] systemd[1]: Mounting POSIX Message Queue File System...
         Mounting POSIX Message Queue File System...
[    6.500540] systemd[1]: Listening on Journal Audit Socket.
[[0;32m  OK  [0m] Listening on Journal Audit Socket.
[    6.502468] systemd[1]: Listening on fsck to fsckd communication Socket.
[[0;32m  OK  [0m] Listening on fsck to fsckd communication Socket.
[    6.530886] systemd[1]: Starting Remount Root and Kernel File Systems...
         Starting Remount Root and Kernel File Systems...
[    6.533340] systemd[1]: Reached target Encrypted Volumes.
[[0;32m  OK  [0m] Reached target Encrypted Volumes.
[    6.535646] systemd[1]: Set up automount Arbitrary Executable File Formats File System Automount Point.
[[0;32m  OK  [0m] Set up automount Arbitrary Executab...ats File System Automount Point.
[    6.598566] systemd[1]: Listening on Syslog Socket.
[[0;32m  OK  [0m] Listening on Syslog Socket.
[    6.610624] systemd[1]: Starting Journal Service...
         Starting Journal Service...
[    6.617882] systemd[1]: Starting Monitoring of LVM2 mirrors, snapshots etc. using dmeventd or progress polling...
         Starting Monitoring of LVM2 mirrors... dmeventd or progress polling...
[    6.623387] EXT4-fs (sda1): re-mounted. Opts: (null)
[    6.623787] systemd[1]: Starting Nameserver information manager...
         Starting Nameserver information manager...
[    6.631651] systemd[1]: Mounted Huge Pages File System.
[[0;32m  OK  [0m] Mounted Huge Pages File System.
[    6.634077] systemd[1]: Mounted POSIX Message Queue File System.
[[0;32m  OK  [0m] Mounted POSIX Message Queue File System.
[    6.636255] systemd[1]: Mounted Debug File System.
[[0;32m  OK  [0m] Mounted Debug File System.
[    6.638707] systemd[1]: Started Create list of required static device nodes for the current kernel.
[[0;32m  OK  [0m] Started Create list of required sta...ce nodes for the current kernel.
[    6.647320] systemd[1]: Started Uncomplicated firewall.
[[0;32m  OK  [0m] Started Uncomplicated firewall.
[    6.650047] systemd[1]: Started Remount Root and Kernel File Systems.
[[0;32m  OK  [0m] Started Remount Root and Kernel File Systems.
[    6.687533] Loading iSCSI transport class v2.0-870.
[    6.706609] systemd[1]: Starting udev Coldplug all Devices...
         Starting udev Coldplug all Devices...
[    6.709881] systemd[1]: Starting Load/Save Random Seed...
         Starting Load/Save Random Seed...
[    6.714389] systemd[1]: Starting Create Static Device Nodes in /dev...
         Starting Create Static Device Nodes in /dev...
[    6.784945] iscsi: registered transport (tcp)
[    6.790644] systemd[1]: Started Nameserver information manager.
[[0;32m  OK  [0m] Started Nameserver information manager.
[    6.874020] systemd[1]: Started Load/Save Random Seed.
[[0;32m  OK  [0m] Started Load/Save Random Seed.
[    6.879532] systemd[1]: Started Set console keymap.
[[0;32m  OK  [0m] Started Set console keymap.
[    6.921421] systemd[1]: Started udev Coldplug all Devices.
[[0;32m  OK  [0m] Started udev Coldplug all Devices.
[    6.938810] systemd[1]: Started Journal Service.
[[0;32m  OK  [0m] Started Journal Service.
         Starting Flush Journal to Persistent Storage...
[    7.000660] iscsi: registered transport (iser)
[[0;32m  OK  [0m] Started Load Kernel Modules.
         Starting Apply Kernel Variables...
         Mounting FUSE Control File System...
[[0;32m  OK  [0m] Mounted FUSE Control File System.
[    7.085664] systemd-journald[398]: Received request to flush runtime journal from PID 1
[[0;32m  OK  [0m] Started Flush Journal to Persistent Storage.
[[0;32m  OK  [0m] Started LVM2 metadata daemon.
[[0;32m  OK  [0m] Started Apply Kernel Variables.
[[0;32m  OK  [0m] Started Create Static Device Nodes in /dev.
         Starting udev Kernel Device Manager...
[[0;32m  OK  [0m] Started udev Kernel Device Manager.
[[0;32m  OK  [0m] Started Dispatch Password Requests to Console Directory Watch.
[[0;32m  OK  [0m] Started Monitoring of LVM2 mirrors,...ng dmeventd or progress polling.
[[0;32m  OK  [0m] Reached target Local File Systems (Pre).
[[0;32m  OK  [0m] Reached target Local File Systems.
         Starting Initial cloud-init job (pre-networking)...
         Starting LSB: AppArmor initialization...
         Starting Create Volatile Files and Directories...
         Starting Tell Plymouth To Write Out Runtime Data...
         Starting Set console font and keymap...
[[0;32m  OK  [0m] Found device /dev/ttyS0.
[[0;32m  OK  [0m] Started Tell Plymouth To Write Out Runtime Data.
[[0;32m  OK  [0m] Listening on Load/Save RF Kill Switch Status /dev/rfkill Watch.
[[0;32m  OK  [0m] Started Create Volatile Files and Directories.
[[0;32m  OK  [0m] Started Set console font and keymap.
[[0;32m  OK  [0m] Created slice system-getty.slice.
         Starting Update UTMP about System Boot/Shutdown...
[[0;32m  OK  [0m] Found device 82540EM Gigabit Ethern...r (PRO/1000 MT Desktop Adapter).
[[0;32m  OK  [0m] Found device 82540EM Gigabit Ethern...r (PRO/1000 MT Desktop Adapter).
[[0;32m  OK  [0m] Started Update UTMP about System Boot/Shutdown.
[[0;32m  OK  [0m] Started LSB: AppArmor initialization.
         Starting Load AppArmor profiles managed internally by snapd...
[[0;32m  OK  [0m] Started Load AppArmor profiles managed internally by snapd.
[   12.385916] cloud-init[487]: Cloud-init v. 21.1-19-gbad84ad4-0ubuntu1~16.04.2 running 'init-local' at Sun, 19 Jun 2022 13:08:21 +0000. Up 11.79 seconds.
[[0;32m  OK  [0m] Started Initial cloud-init job (pre-networking).
[[0;32m  OK  [0m] Reached target Network (Pre).
         Starting Raise network interfaces...
[[0;32m  OK  [0m] Started ifup for enp0s8.
[[0;32m  OK  [0m] Started ifup for enp0s3.
[[0;32m  OK  [0m] Started Raise network interfaces.
[[0;32m  OK  [0m] Reached target Network.
         Starting Initial cloud-init job (metadata service crawler)...
[   13.813770] cloud-init[1073]: Cloud-init v. 21.1-19-gbad84ad4-0ubuntu1~16.04.2 running 'init' at Sun, 19 Jun 2022 13:08:22 +0000. Up 13.02 seconds.
[   13.815994] cloud-init[1073]: ci-info: ++++++++++++++++++++++++++++++++++++++Net device info+++++++++++++++++++++++++++++++++++++++
[   13.818002] cloud-init[1073]: ci-info: +--------+------+-----------------------------+---------------+--------+-------------------+
[   13.819899] cloud-init[1073]: ci-info: | Device |  Up  |           Address           |      Mask     | Scope  |     Hw-Address    |
[   13.822227] cloud-init[1073]: ci-info: +--------+------+-----------------------------+---------------+--------+-------------------+
[   13.823771] cloud-init[1073]: ci-info: | enp0s3 | True |          10.0.2.15          | 255.255.255.0 | global | 02:be:82:6b:cc:1d |
[   13.826980] cloud-init[1073]: ci-info: | enp0s3 | True |  fe80::be:82ff:fe6b:cc1d/64 |       .       |  link  | 02:be:82:6b:cc:1d |
[   13.828992] cloud-init[1073]: ci-info: | enp0s8 | True |        192.168.56.11        | 255.255.255.0 | global | 08:00:27:1b:71:f0 |
[   13.831024] cloud-init[1073]: ci-info: | enp0s8 | True | fe80::a00:27ff:fe1b:71f0/64 |       .       |  link  | 08:00:27:1b:71:f0 |
[   13.833076] cloud-init[1073]: ci-info: |   lo   | True |          127.0.0.1          |   255.0.0.0   |  host  |         .         |
[   13.848437] cloud-init[1073]: ci-info: |   lo   | True |           ::1/128           |       .       |  host  |         .         |
[   13.850529] cloud-init[1073]: ci-info: +--------+------+-----------------------------+---------------+--------+-------------------+
[   13.852618] cloud-init[1073]: ci-info: ++++++++++++++++++++++++++++Route IPv4 info++++++++++++++++++++++++++++
[   13.854831] cloud-init[1073]: ci-info: +-------+--------------+----------+---------------+-----------+-------+
[   13.856844] cloud-init[1073]: ci-info: | Route | Destination  | Gateway  |    Genmask    | Interface | Flags |[[0;32m  OK  [0m] Started Initial cloud-init job (metadata service crawler).
[[0;32m  OK  [0m] Reached target Network is Online.

[   13.861047] cloud-init[1073]: ci-info: +-------+--------------+----------+---------------+-----------+-------+
[   13.862695] cloud-init[1073]: ci-info: |   0   |   0.0.0.0    | 10.0.2.2 |    0.0.0.0    |   enp0s3  |   UG  |
[   13.864305] cloud-init[1073]: ci-info: |   1   |   10.0.2.0   | 0.0.0.0  | 255.255.255.0 |   enp0s3  |   U   |
[   13.866040] cloud-init[1073]: ci-info: |   2   | 192.168.56.0 | 0.0.0.0  | 255.255.255.0 |   enp0s8  |   U   |
[   13.867758] cloud-init[1073]: ci-info: +-------+--------------+----------+---------------+-----------+-------+
[   13.869469] cloud-init[1073]: ci-info: +++++++++++++++++++Route IPv6 info+++++++++++++++++++
[   13.870918] cloud-init[1073]: ci-info: +-------+-------------+---------+-----------+-------+
[   13.872260] cloud-init[1073]: ci-info: | Route | Destination | Gateway | Interface | Flags |
[   13.873292] cloud-init[1073]: ci-info: +-------+-------------+---------+-----------+-------+
[   13.874344] cloud-init[1073]: ci-info: |   0   |  fe80::/64  |    ::   |   enp0s8  |   U   |
[   13.875413] cloud-init[1073]: ci-info: |   1   |  fe80::/64  |    ::   |   enp0s3  |   U   |
[   13.884321] cloud-init[1073]: ci-info: |   4   |   ff00::/8  |    ::   |   enp0s8  |   U   |
         Starting iSCSI initiator daemon (iscsid)...
[[0;32m  OK  [0m] Reached target Cloud-config availability.
[[0;32m  OK  [0m] Reached target System Initialization.
[   13.885347] cloud-init[1073]: ci-info: |   5   |   ff00::/8  |    ::   |   enp0s3  |   U   |
[   13.888783] cloud-init[1073]: ci-info: +-------+-------------+---------+-----------+-------+
[[0;32m  OK  [0m] Started Ubuntu Advantage update messaging.
[[0;32m  OK  [0m] Listening on ACPID Listen Socket.
[[0;32m  OK  [0m] Started Daily Cleanup of Temporary Directories.
         Starting LXD - unix socket.
[[0;32m  OK  [0m] Started Daily apt download activities.
[[0;32m  OK  [0m] Started Daily apt upgrade and clean activities.
[[0;32m  OK  [0m] Started Message of the Day.
[[0;32m  OK  [0m] Reached target Timers.
[[0;32m  OK  [0m] Listening on UUID daemon activation socket.
[[0;32m  OK  [0m] Listening on D-Bus System Message Bus Socket.
         Starting Socket activation for snappy daemon.
[[0;32m  OK  [0m] Started ACPI Events Check.
[[0;32m  OK  [0m] Reached target Paths.
[[0;32m  OK  [0m] Listening on LXD - unix socket.
[[0;32m  OK  [0m] Listening on Socket activation for snappy daemon.
[[0;32m  OK  [0m] Reached target Sockets.
[[0;32m  OK  [0m] Reached target Basic System.
         Starting System Logging Service...
         Starting Login Service...
[[0;32m  OK  [0m] Started FUSE filesystem for LXC.
         Starting Ubuntu Advantage APT and MOTD Messages...
[[0;32m  OK  [0m] Started D-Bus System Message Bus.
         Starting /etc/rc.local Compatibility...
         Starting A high performance web server and a reverse proxy server...
         Starting OpenBSD Secure Shell server...
         Starting LSB: MD monitoring daemon...
         Starting LSB: Record successful boot for GRUB...
         Starting vboxadd.service...
[[0;32m  OK  [0m] Started Deferred execution scheduler.
         Starting Message of the Day...
         Starting Accounts Service...
[[0;32m  OK  [0m] Started ACPI event daemon.
         Starting Snap Daemon...
[[0;32m  OK  [0m] Started Regular background program processing daemon.
         Starting LXD - container startup/shutdown...
[[0;32m  OK  [0m] Started System Logging Service.
[[0;32m  OK  [0m] Started iSCSI initiator daemon (iscsid).
[[0;32m  OK  [0m] Started /etc/rc.local Compatibility.
[[0;32m  OK  [0m] Started Message of the Day.
         Starting Login to default iSCSI targets...
[[0;32m  OK  [0m] Started Login Service.
[[0;32m  OK  [0m] Started Unattended Upgrades Shutdown.
[[0;32m  OK  [0m] Started LSB: MD monitoring daemon.
[[0;32m  OK  [0m] Started LSB: Record successful boot for GRUB.
[[0;32m  OK  [0m] Started Login to default iSCSI targets.
[[0;32m  OK  [0m] Reached target Remote File Systems (Pre).
         Mounting /vagrant...
[[0;1;31mFAILED[0m] Failed to mount /vagrant.
See 'systemctl status vagrant.mount' for details.
[[0;1;33mDEPEND[0m] Dependency failed for Remote File Systems.
         Starting LSB: daemon to balance interrupts for SMP systems...
         Starting LSB: Set the CPU Frequency Scaling governor to "ondemand"...
         Starting Permit User Sessions...
         Starting LSB: automatic crash report generation...
[[0;32m  OK  [0m] Started LSB: Set the CPU Frequency Scaling governor to "ondemand".
[[0;32m  OK  [0m] Started Permit User Sessions.
         Starting Terminate Plymouth Boot Screen...
         Starting Hold until boot process finishes up...
[[0;32m  OK  [0m] Started Hold until boot process finishes up.
         Starting Set console scheme...
[[0;32m  OK  [0m] Started Serial Getty on ttyS0.
[[0;32m  OK  [0m] Started Getty on tty1.
[[0;32m  OK  [0m] Reached target Login Prompts.
[[0;32m  OK  [0m] Started Terminate Plymouth Boot Screen.
[[0;32m  OK  [0m] Started LSB: automatic crash report generation.
[[0;32m  OK  [0m] Started Set console scheme.
[[0;32m  OK  [0m] Started LSB: daemon to balance interrupts for SMP systems.
[[0;32m  OK  [0m] Started OpenBSD Secure Shell server.
         Starting Authenticate and Authorize Users to Run Privileged Tasks...
[[0;32m  OK  [0m] Started Authenticate and Authorize Users to Run Privileged Tasks.
[[0;32m  OK  [0m] Started Accounts Service.
[[0;32m  OK  [0m] Started A high performance web server and a reverse proxy server.
[[0;32m  OK  [0m] Started LXD - container startup/shutdown.
[[0;32m  OK  [0m] Started Snap Daemon.
         Starting Wait until snapd is fully seeded...
[[0;32m  OK  [0m] Created slice User Slice of vagrant.
         Starting User Manager for UID 1000...
[[0;32m  OK  [0m] Started Session 1 of user vagrant.
[[0;32m  OK  [0m] Started Wait until snapd is fully seeded.
         Starting Apply the settings specified in cloud-config...
[[0;32m  OK  [0m] Started Ubuntu Advantage APT and MOTD Messages.
[[0;32m  OK  [0m] Started User Manager for UID 1000.
[   20.740968] cloud-init[1364]: Cloud-init v. 21.1-19-gbad84ad4-0ubuntu1~16.04.2 running 'modules:config' at Sun, 19 Jun 2022 13:08:30 +0000. Up 20.37 seconds.

Ubuntu 16.04.7 LTS web01 ttyS0

web01 login: [   28.936894] cloud-init[1875]: Cloud-init v. 21.1-19-gbad84ad4-0ubuntu1~16.04.2 running 'modules:final' at Sun, 19 Jun 2022 13:08:38 +0000. Up 28.73 seconds.
[   28.937287] cloud-init[1875]: Cloud-init v. 21.1-19-gbad84ad4-0ubuntu1~16.04.2 finished at Sun, 19 Jun 2022 13:08:38 +0000. Datasource DataSourceNoCloud [seed=/dev/sdb][dsmode=net].  Up 28.93 seconds
         Stopping Session 2 of user vagrant.
         Stopping User Manager for UID 1000...
[[0;32m  OK  [0m] Stopped target Graphical Interface.
[[0;32m  OK  [0m] Closed Load/Save RF Kill Switch Status /dev/rfkill Watch.
         Stopping Accounts Service...
[[0;32m  OK  [0m] Stopped target Cloud-init target.
[[0;32m  OK  [0m] Stopped Execute cloud user/final scripts.
[[0;32m  OK  [0m] Stopped target Multi-User System.
         Stopping D-Bus System Message Bus...
         Stopping OpenBSD Secure Shell server...
         Stopping Regular background program processing daemon...
         Stopping Deferred execution scheduler...
         Stopping vboxadd-service.service...
         Stopping System Logging Service...
[[0;32m  OK  [0m] Stopped Apply the settings specified in cloud-config.
         Stopping LSB: MD monitoring daemon...
         Stopping ACPI event daemon...
         Stopping LSB: automatic crash report generation...
         Stopping LSB: Set the CPU Frequency Scaling governor to "ondemand"...
         Unmounting /vagrant...
         Stopping FUSE filesystem for LXC...
[[0;32m  OK  [0m] Stopped target Timers.
[[0;32m  OK  [0m] Stopped Daily apt upgrade and clean activities.
[[0;32m  OK  [0m] Stopped Message of the Day.
         Stopping LXD - container startup/shutdown...
         Stopping LSB: Record successful boot for GRUB...
         Stopping Authenticate and Authorize Users to Run Privileged Tasks...
[[0;32m  OK  [0m] Stopped target Cloud-config availability.
         Stopping A high performance web server and a reverse proxy server...
[[0;32m  OK  [0m] Stopped Daily apt download activities.
         Stopping LSB: daemon to balance interrupts for SMP systems...
[[0;32m  OK  [0m] Stopped Ubuntu Advantage update messaging.
[[0;32m  OK  [0m] Stopped target System Time Synchronized.
[[0;32m  OK  [0m] Stopped Wait until snapd is fully seeded.
[[0;32m  OK  [0m] Stopped target Login Prompts.
         Stopping Serial Getty on ttyS0...
         Stopping Getty on tty1...
[[0;32m  OK  [0m] Stopped Daily Cleanup of Temporary Directories.
[[0;32m  OK  [0m] Stopped System Logging Service.
[[0;32m  OK  [0m] Stopped Deferred execution scheduler.
[[0;32m  OK  [0m] Stopped Accounts Service.
[[0;32m  OK  [0m] Stopped Regular background program processing daemon.
[[0;32m  OK  [0m] Stopped OpenBSD Secure Shell server.
[[0;32m  OK  [0m] Stopped User Manager for UID 1000.
[[0;32m  OK  [0m] Stopped Getty on tty1.
[[0;32m  OK  [0m] Stopped Serial Getty on ttyS0.
[[0;32m  OK  [0m] Stopped Authenticate and Authorize Users to Run Privileged Tasks.
[[0;32m  OK  [0m] Stopped Session 2 of user vagrant.
[[0;32m  OK  [0m] Unmounted /var/lib/lxcfs.
[[0;32m  OK  [0m] Unmounted /vagrant.
[[0;32m  OK  [0m] Stopped target Remote File Systems (Pre).
         Stopping Login to default iSCSI targets...
[[0;32m  OK  [0m] Removed slice system-serial\x2dgetty.slice.
[[0;32m  OK  [0m] Removed slice system-getty.slice.
[[0;32m  OK  [0m] Stopped /etc/rc.local Compatibility.
[[0;32m  OK  [0m] Removed slice User Slice of vagrant.
         Stopping Login Service...
         Stopping Permit User Sessions...
[[0;32m  OK  [0m] Stopped ACPI event daemon.
[[0;32m  OK  [0m] Stopped LSB: MD monitoring daemon.
[[0;32m  OK  [0m] Stopped LSB: Set the CPU Frequency Scaling governor to "ondemand".
[[0;32m  OK  [0m] Stopped LSB: Record successful boot for GRUB.
[[0;32m  OK  [0m] Stopped LSB: daemon to balance interrupts for SMP systems.
[[0;32m  OK  [0m] Stopped Permit User Sessions.
[[0;32m  OK  [0m] Stopped D-Bus System Message Bus.
[[0;32m  OK  [0m] Stopped Login Service.
[[0;32m  OK  [0m] Stopped target User and Group Name Lookups.
[[0;32m  OK  [0m] Stopped FUSE filesystem for LXC.
[[0;32m  OK  [0m] Stopped LSB: automatic crash report generation.
[[0;32m  OK  [0m] Stopped LXD - container startup/shutdown.
[[0;32m  OK  [0m] Stopped A high performance web server and a reverse proxy server.
[[0;32m  OK  [0m] Stopped vboxadd-service.service.
         Stopping vboxadd.service...
[[0;32m  OK  [0m] Stopped vboxadd.service.
[[0;32m  OK  [0m] Stopped target Basic System.
[[0;32m  OK  [0m] Stopped target Sockets.
[[0;32m  OK  [0m] Closed D-Bus System Message Bus Socket.
[[0;32m  OK  [0m] Closed Socket activation for snappy daemon.
[[0;32m  OK  [0m] Closed LXD - unix socket.
[[0;32m  OK  [0m] Closed UUID daemon activation socket.
[[0;32m  OK  [0m] Closed ACPID Listen Socket.
[[0;32m  OK  [0m] Closed Syslog Socket.
[[0;32m  OK  [0m] Stopped target Slices.
[[0;32m  OK  [0m] Removed slice User and Session Slice.
[[0;32m  OK  [0m] Stopped target Paths.
[[0;32m  OK  [0m] Stopped Dispatch Password Requests to Console Directory Watch.
[[0;32m  OK  [0m] Stopped Forward Password Requests to Wall Directory Watch.
[[0;32m  OK  [0m] Stopped ACPI Events Check.
[[0;32m  OK  [0m] Stopped target System Initialization.
[[0;32m  OK  [0m] Stopped target Swap.
[[0;32m  OK  [0m] Stopped target Encrypted Volumes.
         Stopping Load/Save Random Seed...
         Stopping Update UTMP about System Boot/Shutdown...
[[0;32m  OK  [0m] Stopped Load/Save Random Seed.
[[0;32m  OK  [0m] Stopped Update UTMP about System Boot/Shutdown.
[[0;32m  OK  [0m] Stopped Create Volatile Files and Directories.
[[0;32m  OK  [0m] Stopped Login to default iSCSI targets.
         Stopping iSCSI initiator daemon (iscsid)...
[[0;32m  OK  [0m] Stopped iSCSI initiator daemon (iscsid).
[[0;32m  OK  [0m] Stopped target Network is Online.
[[0;32m  OK  [0m] Stopped Initial cloud-init job (metadata service crawler).
[[0;32m  OK  [0m] Stopped target Network.
         Stopping Raise network interfaces...
[[0;32m  OK  [0m] Stopped Raise network interfaces.
[[0;32m  OK  [0m] Stopped target Local File Systems.
         Unmounting /run/user/1000...
[[0;32m  OK  [0m] Stopped target Network (Pre).
[[0;32m  OK  [0m] Stopped Initial cloud-init job (pre-networking).
[[0;32m  OK  [0m] Stopped Apply Kernel Variables.
[[0;32m  OK  [0m] Stopped Load Kernel Modules.
[[0;32m  OK  [0m] Unmounted /run/user/1000.
[[0;32m  OK  [0m] Reached target Unmount All Filesystems.
[[0;32m  OK  [0m] Stopped target Local File Systems (Pre).
[[0;32m  OK  [0m] Stopped Remount Root and Kernel File Systems.
[[0;32m  OK  [0m] Stopped Create Static Device Nodes in /dev.
[[0;32m  OK  [0m] Reached target Shutdown.
[  145.760632] reboot: Power down
